0 info it worked if it ends with ok
1 verbose cli [ '/home/charris/.nvm/versions/node/v6.10.2/bin/node',
1 verbose cli   '/home/charris/.nvm/versions/node/v6.10.2/bin/npm',
1 verbose cli   'start' ]
2 info using npm@3.10.10
3 info using node@v6.10.2
4 verbose run-script [ 'prestart', 'start', 'poststart' ]
5 info lifecycle create-react-app@1.0.0~prestart: create-react-app@1.0.0
6 silly lifecycle create-react-app@1.0.0~prestart: no script for prestart, continuing
7 info lifecycle create-react-app@1.0.0~start: create-react-app@1.0.0
8 verbose lifecycle create-react-app@1.0.0~start: unsafe-perm in lifecycle true
9 verbose lifecycle create-react-app@1.0.0~start: PATH: /home/charris/.nvm/versions/node/v6.10.2/lib/node_modules/npm/bin/node-gyp-bin:/home/charris/projects/h4h/beheard/node_modules/.bin:/home/charris/.nvm/versions/node/v6.10.2/bin:/opt/google-cloud-sdk/bin:/usr/local/sbin:/usr/local/bin:/usr/bin:/usr/lib/jvm/default/bin:/usr/bin/site_perl:/usr/bin/vendor_perl:/usr/bin/core_perl
10 verbose lifecycle create-react-app@1.0.0~start: CWD: /home/charris/projects/h4h/beheard
11 silly lifecycle create-react-app@1.0.0~start: Args: [ '-c', 'react-scripts start' ]
12 silly lifecycle create-react-app@1.0.0~start: Returned: code: 1  signal: null
13 info lifecycle create-react-app@1.0.0~start: Failed to exec start script
14 verbose stack Error: create-react-app@1.0.0 start: `react-scripts start`
14 verbose stack Exit status 1
14 verbose stack     at EventEmitter.<anonymous> (/home/charris/.nvm/versions/node/v6.10.2/lib/node_modules/npm/lib/utils/lifecycle.js:255:16)
14 verbose stack     at emitTwo (events.js:106:13)
14 verbose stack     at EventEmitter.emit (events.js:191:7)
14 verbose stack     at ChildProcess.<anonymous> (/home/charris/.nvm/versions/node/v6.10.2/lib/node_modules/npm/lib/utils/spawn.js:40:14)
14 verbose stack     at emitTwo (events.js:106:13)
14 verbose stack     at ChildProcess.emit (events.js:191:7)
14 verbose stack     at maybeClose (internal/child_process.js:886:16)
14 verbose stack     at Process.ChildProcess._handle.onexit (internal/child_process.js:226:5)
15 verbose pkgid create-react-app@1.0.0
16 verbose cwd /home/charris/projects/h4h/beheard
17 error Linux 4.13.11-1-ARCH
18 error argv "/home/charris/.nvm/versions/node/v6.10.2/bin/node" "/home/charris/.nvm/versions/node/v6.10.2/bin/npm" "start"
19 error node v6.10.2
20 error npm  v3.10.10
21 error code ELIFECYCLE
22 error create-react-app@1.0.0 start: `react-scripts start`
22 error Exit status 1
23 error Failed at the create-react-app@1.0.0 start script 'react-scripts start'.
23 error Make sure you have the latest version of node.js and npm installed.
23 error If you do, this is most likely a problem with the create-react-app package,
23 error not with npm itself.
23 error Tell the author that this fails on your system:
23 error     react-scripts start
23 error You can get information on how to open an issue for this project with:
23 error     npm bugs create-react-app
23 error Or if that isn't available, you can get their info via:
23 error     npm owner ls create-react-app
23 error There is likely additional logging output above.
24 verbose exit [ 1, true ]
